\BOOKMARK [0][-]{chapter*.2}{\376\377\004\022\004\062\004\065\004\064\004\065\004\075\004\070\004\065}{}% 1
\BOOKMARK [0][-]{chapter.1}{\376\377\004\055\004\062\004\070\004\064\004\065\004\075\004\106\004\070\004\060\004\073\004\114\004\075\004\076\004\101\004\102\004\114\000:\000\040\004\102\004\065\004\076\004\100\004\065\004\102\004\070\004\107\004\065\004\101\004\072\004\070\004\065\000\040\004\077\004\100\004\065\004\064\004\077\004\076\004\101\004\113\004\073\004\072\004\070\000\040\004\070\004\101\004\101\004\073\004\065\004\064\004\076\004\062\004\060\004\075\004\070\004\117}{}% 2
\BOOKMARK [1][-]{section.1.1}{\376\377\004\032\004\060\004\102\004\065\004\063\004\076\004\100\004\070\004\117\000\040\004\115\004\062\004\070\004\064\004\065\004\075\004\106\004\070\004\060\004\073\004\114\004\075\004\076\004\101\004\102\004\070}{chapter.1}% 3
\BOOKMARK [1][-]{section.1.2}{\376\377\004\034\004\060\004\073\004\113\004\065\000\040\004\115\004\062\004\070\004\064\004\065\004\075\004\106\004\070\004\060\004\073\004\114\004\075\004\113\004\065\000\040\004\101\004\070\004\101\004\102\004\065\004\074\004\113}{chapter.1}% 4
\BOOKMARK [2][-]{subsection.1.2.1}{\376\377\004\042\004\070\004\077\004\076\004\073\004\076\004\063\004\070\004\117\000\040\004\077\004\065\004\100\004\104\004\065\004\072\004\102\004\060\000\040\004\070\000\040\004\072\004\076\004\101\004\062\004\065\004\075\004\075\004\076\004\071\000\040\004\067\004\060\004\101\004\062\004\070\004\064\004\065\004\102\004\065\004\073\004\114\004\101\004\102\004\062\004\076\004\062\004\060\004\075\004\075\004\076\004\101\004\102\004\070}{section.1.2}% 5
\BOOKMARK [0][-]{chapter.2}{\376\377\004\055\004\062\004\070\004\064\004\065\004\075\004\106\004\070\004\060\004\073\004\114\004\075\004\076\004\101\004\102\004\114\000\040\004\062\000\040\004\075\004\060\004\105\004\101\004\072\004\076\000-\004\064\004\060\004\063\004\065\004\101\004\102\004\060\004\075\004\101\004\072\004\070\004\105\000\040\004\117\004\067\004\113\004\072\004\060\004\105}{}% 6
\BOOKMARK [1][-]{section.2.1}{\376\377\004\035\004\060\004\105\004\101\004\072\004\076\000-\004\064\004\060\004\063\004\065\004\101\004\102\004\060\004\075\004\101\004\072\004\070\004\065\000\040\004\117\004\067\004\113\004\072\004\070}{chapter.2}% 7
\BOOKMARK [1][-]{section.2.2}{\376\377\004\055\004\062\004\070\004\064\004\065\004\075\004\106\004\070\004\060\004\073\004\114\004\075\004\076\004\101\004\102\004\114\000\040\004\062\000\040\004\075\004\060\004\105\004\101\004\072\004\076\000-\004\064\004\060\004\063\004\065\004\101\004\102\004\060\004\075\004\101\004\072\004\070\004\105\000\040\004\117\004\067\004\113\004\072\004\060\004\105}{chapter.2}% 8
\BOOKMARK [2][-]{subsection.2.2.1}{\376\377\004\037\004\065\004\100\004\104\004\065\004\072\004\102\004\076\004\070\004\064\004\113}{section.2.2}% 9
\BOOKMARK [3][-]{subsubsection.2.2.1.1}{\376\377\004\044\004\076\004\100\004\074\004\060\004\073\004\114\004\075\004\113\004\065\000\040\004\101\004\062\004\076\004\071\004\101\004\102\004\062\004\060}{subsection.2.2.1}% 10
\BOOKMARK [4][-]{paragraph.2.2.1.1.1}{\376\377\004\032\004\076\004\077\004\103\004\073\004\060}{subsubsection.2.2.1.1}% 11
\BOOKMARK [4][-]{paragraph.2.2.1.1.2}{\376\377\004\033\004\070\004\107\004\075\004\113\004\065\000\040\004\072\004\073\004\070\004\102\004\070\004\072\004\070}{subsubsection.2.2.1.1}% 12
\BOOKMARK [4][-]{paragraph.2.2.1.1.3}{\376\377\004\021\004\065\004\067\000\040\004\062\004\101\004\077\004\076\004\074\004\076\004\063\004\060\004\102\004\065\004\073\004\114\004\075\004\076\004\063\004\076\000\040\004\063\004\073\004\060\004\063\004\076\004\073\004\060}{subsubsection.2.2.1.1}% 13
\BOOKMARK [4][-]{paragraph.2.2.1.1.4}{\376\377\004\022\004\101\004\077\004\076\004\074\004\076\004\063\004\060\004\102\004\065\004\073\004\114\004\075\004\113\004\071\000\040\004\063\004\073\004\060\004\063\004\076\004\073}{subsubsection.2.2.1.1}% 14
\BOOKMARK [3][-]{subsubsection.2.2.1.2}{\376\377\004\041\004\065\004\074\004\060\004\075\004\102\004\070\004\072\004\060}{subsection.2.2.1}% 15
\BOOKMARK [4][-]{paragraph.2.2.1.2.1}{\376\377\004\040\004\065\004\067\004\103\004\073\004\114\004\102\004\060\004\102\004\070\004\062}{subsubsection.2.2.1.2}% 16
\BOOKMARK [4][-]{paragraph.2.2.1.2.2}{\376\377\004\042\004\065\004\072\004\103\004\111\004\060\004\117\000\040\004\100\004\065\004\073\004\065\004\062\004\060\004\075\004\102\004\075\004\076\004\101\004\102\004\114}{subsubsection.2.2.1.2}% 17
\BOOKMARK [4][-]{paragraph.2.2.1.2.3}{\376\377\004\032\004\076\004\101\004\062\004\065\004\075\004\075\004\060\004\117\000\040\004\067\004\060\004\101\004\062\004\070\004\064\004\065\004\102\004\065\004\073\004\114\004\101\004\102\004\062\004\076\004\062\004\060\004\075\004\075\004\076\004\101\004\102\004\114}{subsubsection.2.2.1.2}% 18
\BOOKMARK [2][-]{subsection.2.2.2}{\376\377\004\030\004\102\004\076\004\063\004\070}{section.2.2}% 19
\BOOKMARK [2][-]{subsection.2.2.3}{\376\377\004\024\004\100\004\103\004\063\004\070\004\065\000\040\004\104\004\076\004\100\004\074\004\113\000\040\004\062\004\070\004\064\004\076\000-\004\062\004\100\004\065\004\074\004\065\004\075\004\075\004\076\004\071\000\040\004\077\004\060\004\100\004\060\004\064\004\070\004\063\004\074\004\113}{section.2.2}% 20
\BOOKMARK [3][-]{subsubsection.2.2.3.1}{\376\377\004\036\004\061\004\111\004\070\004\065\000\040\004\077\004\100\004\076\004\110\004\065\004\064\004\110\004\070\004\065}{subsection.2.2.3}% 21
\BOOKMARK [3][-]{subsubsection.2.2.3.2}{\376\377\004\037\004\065\004\100\004\104\004\065\004\072\004\102\004\075\004\113\004\065\000\040\004\062\004\101\004\077\004\076\004\074\004\076\004\063\004\060\004\102\004\065\004\073\004\114\004\075\004\113\004\065\000\040\004\063\004\073\004\060\004\063\004\076\004\073\004\113}{subsection.2.2.3}% 22
\BOOKMARK [2][-]{subsection.2.2.4}{\376\377\004\024\004\100\004\103\004\063\004\070\004\065\000\040\004\062\004\101\004\077\004\076\004\074\004\076\004\063\004\060\004\102\004\065\004\073\004\114\004\075\004\113\004\065\000\040\004\063\004\073\004\060\004\063\004\076\004\073\004\113}{section.2.2}% 23
\BOOKMARK [3][-]{subsubsection.2.2.4.1}{\376\377\004\022\004\101\004\077\004\076\004\074\004\076\004\063\004\060\004\102\004\065\004\073\004\114\004\075\004\113\004\071\000\040\004\063\004\073\004\060\004\063\004\076\004\073\000\040\000`\004\101\004\102\004\060\004\102\004\114\000'}{subsection.2.2.4}% 24
\BOOKMARK [3][-]{subsubsection.2.2.4.2}{\376\377\004\022\004\101\004\077\004\076\004\074\004\076\004\063\004\060\004\102\004\065\004\073\004\114\004\075\004\113\004\065\000\040\004\063\004\073\004\060\004\063\004\076\004\073\004\113\000\040\000`\004\061\004\113\004\102\004\114\000'\000,\000\040\000`\004\076\004\101\004\102\004\060\004\062\004\060\004\102\004\114\004\101\004\117\000'}{subsection.2.2.4}% 25
\BOOKMARK [3][-]{subsubsection.2.2.4.3}{\376\377\004\022\004\101\004\077\004\076\004\074\004\076\004\063\004\060\004\102\004\065\004\073\004\114\004\075\004\113\004\071\000\040\004\063\004\073\004\060\004\063\004\076\004\073\000\040\000`\004\075\004\060\004\071\004\102\004\070\000'\000\040\004\062\000\040\004\077\004\100\004\076\004\110\004\065\004\064\004\110\004\065\004\074}{subsection.2.2.4}% 26
\BOOKMARK [3][-]{subsubsection.2.2.4.4}{\376\377\004\022\004\101\004\077\004\076\004\074\004\076\004\063\004\060\004\102\004\065\004\073\004\114\004\075\004\113\004\071\000\040\004\063\004\073\004\060\004\063\004\076\004\073\000\040\000`\004\075\004\060\004\071\004\102\004\070\000'\000\040\004\062\000\040\004\061\004\103\004\064\004\103\004\111\004\065\004\074}{subsection.2.2.4}% 27
\BOOKMARK [2][-]{subsection.2.2.5}{\376\377\004\055\004\062\004\070\004\064\004\065\004\075\004\106\004\070\004\060\004\073\004\114\004\075\004\113\004\065\000\040\004\072\004\073\004\070\004\102\004\070\004\072\004\070}{section.2.2}% 28
\BOOKMARK [2][-]{subsection.2.2.6}{\376\377\004\037\004\100\004\076\004\107\004\070\004\065\000\040\004\101\004\077\004\076\004\101\004\076\004\061\004\113\000\040\004\062\004\113\004\100\004\060\004\066\004\065\004\075\004\070\004\117\000\040\004\115\004\062\004\070\004\064\004\065\004\075\004\106\004\070\004\060\004\073\004\114\004\075\004\076\004\101\004\102\004\070}{section.2.2}% 29
\BOOKMARK [2][-]{subsection.2.2.7}{\376\377\004\055\004\062\004\070\004\064\004\065\004\075\004\106\004\070\004\060\004\073\004\114\004\075\004\076\004\101\004\102\004\114\000\040\004\062\000\040\004\102\004\116\004\100\004\072\004\101\004\072\004\070\004\105\000\040\004\117\004\067\004\113\004\072\004\060\004\105\000\040\004\022\004\076\004\101\004\102\004\076\004\107\004\075\004\076\004\063\004\076\000\040\004\032\004\060\004\062\004\072\004\060\004\067\004\060}{section.2.2}% 30
\BOOKMARK [2][-]{subsection.2.2.8}{\376\377\004\040\004\060\004\101\004\077\004\100\004\065\004\064\004\065\004\073\004\065\004\075\004\070\004\065\000\040\004\077\004\076\004\072\004\060\004\067\004\060\004\102\004\065\004\073\004\065\004\071\000\040\004\075\004\060\000\040\004\072\004\060\004\100\004\102\004\065}{section.2.2}% 31
\BOOKMARK [2][-]{subsection.2.2.9}{\376\377\004\030\004\102\004\076\004\063\004\070}{section.2.2}% 32
\BOOKMARK [0][-]{chapter.3}{\376\377\004\055\004\062\004\070\004\064\004\065\004\075\004\106\004\070\004\060\004\073\004\114\004\075\004\076\004\101\004\102\004\114\000\040\004\070\000\040\000<\000<\004\077\004\065\004\100\004\104\004\065\004\072\004\102\004\076\004\070\004\064\004\113\000>\000>\000\040\004\062\000\040\004\075\004\060\004\100\004\100\004\060\004\102\004\070\004\062\004\060\004\105}{}% 33
\BOOKMARK [1][-]{section.3.1}{\376\377\004\055\004\073\004\070\004\106\004\070\004\102\004\060\004\106\004\070\004\117\000\040\004\115\004\062\004\070\004\064\004\065\004\075\004\106\004\070\004\060\004\073\004\114\004\075\004\113\004\105\000\040\004\104\004\076\004\100\004\074}{chapter.3}% 34
\BOOKMARK [2][-]{subsection.3.1.1}{\376\377\004\055\004\073\004\070\004\106\004\070\004\102\004\060\004\106\004\070\004\117\000\040\004\100\004\060\004\101\004\101\004\072\004\060\004\067\004\076\004\062}{section.3.1}% 35
\BOOKMARK [1][-]{section.3.2}{\376\377\004\035\004\060\004\100\004\100\004\060\004\102\004\070\004\062\004\075\004\076\004\065\000\040\004\103\004\077\004\076\004\102\004\100\004\065\004\061\004\073\004\065\004\075\004\070\004\065\000\040\004\072\004\060\004\072\000\040\004\101\004\060\004\074\004\076\004\101\004\102\004\076\004\117\004\102\004\065\004\073\004\114\004\075\004\113\004\071\000\040\004\077\004\100\004\070\004\067\004\075\004\060\004\072}{chapter.3}% 36
\BOOKMARK [1][-]{section.3.3}{\376\377\004\034\004\065\004\102\004\076\004\064\000\040\004\060\004\075\004\060\004\073\004\070\004\067\004\060\000\040\004\075\004\060\004\100\004\100\004\060\004\102\004\070\004\062\004\075\004\113\004\105\000\040\004\102\004\065\004\072\004\101\004\102\004\076\004\062}{chapter.3}% 37
\BOOKMARK [2][-]{subsection.3.3.1}{\376\377\004\035\004\060\004\100\004\100\004\060\004\102\004\070\004\062\004\075\004\060\004\117\000\040\004\106\004\065\004\077\004\076\004\107\004\072\004\060}{section.3.3}% 38
\BOOKMARK [1][-]{section.3.4}{\376\377\004\022\004\113\004\061\004\076\004\100\004\072\004\060\000\040\004\117\004\067\004\113\004\072\004\076\004\062\000\040\004\070\000\040\004\064\004\060\004\075\004\075\004\113\004\065}{chapter.3}% 39
\BOOKMARK [2][-]{subsection.3.4.1}{\376\377\004\057\004\067\004\113\004\072\004\070}{section.3.4}% 40
\BOOKMARK [2][-]{subsection.3.4.2}{\376\377\004\024\004\060\004\075\004\075\004\113\004\065}{section.3.4}% 41
\BOOKMARK [1][-]{section.3.5}{\376\377\004\037\004\100\004\070\004\075\004\106\004\070\004\077\004\113\000\040\004\100\004\060\004\067\004\074\004\065\004\102\004\072\004\070}{chapter.3}% 42
\BOOKMARK [1][-]{section.3.6}{\376\377\004\040\004\065\004\067\004\103\004\073\004\114\004\102\004\060\004\102\004\113}{chapter.3}% 43
\BOOKMARK [2][-]{subsection.3.6.1}{\376\377\004\035\004\065\004\067\004\060\004\101\004\062\004\070\004\064\004\065\004\102\004\065\004\073\004\114\004\101\004\102\004\062\004\076\004\062\004\060\004\075\004\075\004\113\004\065\000\040\004\075\004\060\004\100\004\100\004\060\004\102\004\070\004\062\004\113}{section.3.6}% 44
\BOOKMARK [2][-]{subsection.3.6.2}{\376\377\004\027\004\060\004\101\004\062\004\070\004\064\004\065\004\102\004\065\004\073\004\114\004\101\004\102\004\062\004\076\004\062\004\060\004\075\004\075\004\113\004\065\000\040\004\075\004\060\004\100\004\100\004\060\004\102\004\070\004\062\004\113}{section.3.6}% 45
\BOOKMARK [2][-]{subsection.3.6.3}{\376\377\004\024\004\100\004\103\004\063\004\070\004\065\000\040\004\075\004\060\004\100\004\100\004\060\004\102\004\070\004\062\004\075\004\113\004\065\000\040\004\101\004\102\004\100\004\060\004\102\004\065\004\063\004\070\004\070}{section.3.6}% 46
\BOOKMARK [2][-]{subsection.3.6.4}{\376\377\004\041\004\102\004\060\004\102\004\070\004\101\004\102\004\070\004\107\004\065\004\101\004\072\004\060\004\117\000\040\004\067\004\075\004\060\004\107\004\070\004\074\004\076\004\101\004\102\004\114\000\040\004\067\004\060\004\101\004\062\004\070\004\064\004\065\004\102\004\065\004\073\004\114\004\101\004\102\004\062\004\076\004\062\004\060\004\075\004\075\004\076\004\101\004\102\004\070\000\040\004\072\004\060\004\072\000\040\004\077\004\060\004\100\004\060\004\074\004\065\004\102\004\100\004\060}{section.3.6}% 47
\BOOKMARK [1][-]{section.3.7}{\376\377\004\030\004\102\004\076\004\063\004\070}{chapter.3}% 48
\BOOKMARK [0][-]{chapter*.4}{\376\377\004\027\004\060\004\072\004\073\004\116\004\107\004\065\004\075\004\070\004\065}{}% 49
\BOOKMARK [0][-]{section*.6}{\376\377\004\037\004\100\004\070\004\073\004\076\004\066\004\065\004\075\004\070\004\117}{}% 50
\BOOKMARK [0][-]{Приложение.a.A}{\376\377\004\042\004\100\004\060\004\075\004\101\004\072\004\100\004\070\004\077\004\106\004\070\004\117}{}% 51
\BOOKMARK [0][-]{Приложение.a.B}{\376\377\004\055\004\073\004\070\004\106\004\070\004\102\004\070\004\100\004\076\004\062\004\060\004\075\004\075\004\113\004\065\000\040\004\075\004\060\004\100\004\100\004\060\004\102\004\070\004\062\004\113\000\040\004\075\004\060\000\040\004\060\004\075\004\064\004\070\004\071\004\101\004\072\004\076\004\074\000\040\004\117\004\067\004\113\004\072\004\065}{}% 52
\BOOKMARK [1][-]{section.a.B.1}{\376\377\004\020\004\075\004\072\004\065\004\102\004\060}{Приложение.a.B}% 53
\BOOKMARK [2][-]{subsection.a.B.1.1}{\376\377\004\032\004\076\004\101\004\062\004\065\004\075\004\075\004\060\004\117\000\040\004\067\004\060\004\101\004\062\004\070\004\064\004\065\004\102\004\065\004\073\004\114\004\101\004\102\004\062\004\076\004\062\004\060\004\075\004\075\004\076\004\101\004\102\004\114}{section.a.B.1}% 54
\BOOKMARK [2][-]{subsection.a.B.1.2}{\376\377\004\037\004\100\004\117\004\074\004\060\004\117\000\040\004\067\004\060\004\101\004\062\004\070\004\064\004\065\004\102\004\065\004\073\004\114\004\101\004\102\004\062\004\076\004\062\004\060\004\075\004\075\004\076\004\101\004\102\004\114}{section.a.B.1}% 55
\BOOKMARK [1][-]{section.a.B.2}{\376\377\004\037\004\065\004\100\004\065\004\062\004\076\004\064\004\113}{Приложение.a.B}% 56
\BOOKMARK [2][-]{subsection.a.B.2.1}{\376\377\000N\000N\000A\000\040\000-\000\040\004\034\004\103\004\075\004\070}{section.a.B.2}% 57
\BOOKMARK [2][-]{subsection.a.B.2.2}{\376\377\000A\000\040\000-\000\040\004\040\004\070\004\072\004\062\004\060\004\075\004\070}{section.a.B.2}% 58
\BOOKMARK [2][-]{subsection.a.B.2.3}{\376\377\000A\000B\000E\000\040\000-\000\040\004\040\004\070\004\072\004\062\004\060\004\075\004\070}{section.a.B.2}% 59
\BOOKMARK [2][-]{subsection.a.B.2.4}{\376\377\000G\000R\000G\000\040\000-\000\040\004\040\004\070\004\072\004\062\004\060\004\075\004\070}{section.a.B.2}% 60
\BOOKMARK [2][-]{subsection.a.B.2.5}{\376\377\000G\000R\000S\000h\000\040\000-\000\040\004\040\004\070\004\072\004\062\004\060\004\075\004\070}{section.a.B.2}% 61
\BOOKMARK [2][-]{subsection.a.B.2.6}{\376\377\000M\000S\000h\000M\000\040\000-\000\040\004\040\004\070\004\072\004\062\004\060\004\075\004\070}{section.a.B.2}% 62
\BOOKMARK [2][-]{subsection.a.B.2.7}{\376\377\000A\000M\000K\000h\000\040\000-\000\040\004\040\004\103\004\110\004\103\004\105\004\060}{section.a.B.2}% 63
\BOOKMARK [2][-]{subsection.a.B.2.8}{\376\377\000K\000h\000\040\000-\000\040\004\027\004\070\004\073\004\076}{section.a.B.2}% 64
\BOOKMARK [2][-]{subsection.a.B.2.9}{\376\377\000K\000h\000M\000M\000\040\000-\000\040\004\027\004\070\004\073\004\076}{section.a.B.2}% 65
\BOOKMARK [2][-]{subsection.a.B.2.10}{\376\377\000M\000\040\040\023\000\040\004\027\004\070\004\073\004\076}{section.a.B.2}% 66
\BOOKMARK [2][-]{subsection.a.B.2.11}{\376\377\000M\000K\000G\000\040\000-\000\040\004\027\004\070\004\073\004\076}{section.a.B.2}% 67
\BOOKMARK [2][-]{subsection.a.B.2.12}{\376\377\000Z\000\040\000-\000\040\004\027\004\070\004\073\004\076}{section.a.B.2}% 68
